c:\users\user\source\repos\oop project\oop project\debug\vc142.pdb
c:\users\user\source\repos\oop project\oop project\debug\vc142.idb
c:\users\user\source\repos\oop project\oop project\debug\trawa.obj
c:\users\user\source\repos\oop project\oop project\debug\zwierze.obj
c:\users\user\source\repos\oop project\oop project\debug\zolw.obj
c:\users\user\source\repos\oop project\oop project\debug\wilk.obj
c:\users\user\source\repos\oop project\oop project\debug\roslina.obj
c:\users\user\source\repos\oop project\oop project\debug\owca.obj
c:\users\user\source\repos\oop project\oop project\debug\organizm.obj
c:\users\user\source\repos\oop project\oop project\debug\mlecz.obj
c:\users\user\source\repos\oop project\oop project\debug\main.obj
c:\users\user\source\repos\oop project\oop project\debug\lis.obj
c:\users\user\source\repos\oop project\oop project\debug\jagody.obj
c:\users\user\source\repos\oop project\oop project\debug\gurana.obj
c:\users\user\source\repos\oop project\oop project\debug\czlowiek.obj
c:\users\user\source\repos\oop project\oop project\debug\barszcz.obj
c:\users\user\source\repos\oop project\oop project\debug\antylopa.obj
c:\users\user\source\repos\oop project\oop project\debug\oop project.tlog\cl.command.1.tlog
c:\users\user\source\repos\oop project\oop project\debug\oop project.tlog\cl.read.1.tlog
c:\users\user\source\repos\oop project\oop project\debug\oop project.tlog\cl.write.1.tlog
